Content-Type: text/plain; charset="utf-8"
MIME-Version: 1.0
Content-Transfer-Encoding: 7bit
Subject: Password reset on 127.0.0.1:8000
From: OpenDialogue <ivoryttang@gmail.com>
To: ivoryttang@gmail.com
Date: Thu, 30 Jul 2020 19:43:10 -0000
Message-ID: <159613819017.33200.8834949969064484355@jshao_mbp15.guidewire.com>

<!DOCTYPE html>
<html lang="en">
<head>
    <meta charset="UTF-8">
    <title>Password Reset Email</title>
</head>
<body>
Someone asked for password reset for email ivoryttang@gmail.com.
Follow the link below:
http://127.0.0.1:8000/accounts/reset/MQ/5im-369c0d87a9a6290bdbc4/
</body>
</html>
-------------------------------------------------------------------------------
